# JRE version: OpenJDK Runtime Environment (17.0+35) (build 17-ea+35-Debian-1)
# Java VM: OpenJDK 64-Bit Server VM (17-ea+35-Debian-1, mixed mode, sharing, tiered, compressed oops, compressed class ptrs, g1 gc, linux-amd64)
GC Precious Log:
 CPUs: 8 total, 8 available
 Memory: 7787M
 Large Page Support: Disabled
 NUMA Support: Disabled
 Compressed Oops: Enabled (32-bit)
 Heap Region Size: 1M
 Heap Min Capacity: 8M
 Heap Initial Capacity: 122M
 Heap Max Capacity: 1948M
 Pre-touch: Disabled
 Parallel Workers: 8
 Concurrent Workers: 2
 Concurrent Refinement Workers: 8
 Periodic GC: Disabled
Heap:
 garbage-first heap   total 58368K, used 32680K [0x0000000086400000, 0x0000000100000000)
  region size 1024K, 24 young (24576K), 5 survivors (5120K)
 Metaspace       used 25654K, committed 25920K, reserved 1073152K
  class space    used 3581K, committed 3712K, reserved 1048576K
GC Heap History (6 events):
Event: 0.568 GC heap before
{Heap before GC invocations=0 (full 0):
 garbage-first heap   total 126976K, used 23520K [0x0000000086400000, 0x0000000100000000)
  region size 1024K, 23 young (23552K), 0 survivors (0K)
 Metaspace       used 6394K, committed 6592K, reserved 1056768K
  class space    used 734K, committed 832K, reserved 1048576K
}
Event: 0.575 GC heap after
{Heap after GC invocations=1 (full 0):
 garbage-first heap   total 126976K, used 4452K [0x0000000086400000, 0x0000000100000000)
  region size 1024K, 3 young (3072K), 3 survivors (3072K)
 Metaspace       used 6394K, committed 6592K, reserved 1056768K
  class space    used 734K, committed 832K, reserved 1048576K
}
Event: 1.304 GC heap before
{Heap before GC invocations=1 (full 0):
 garbage-first heap   total 126976K, used 45412K [0x0000000086400000, 0x0000000100000000)
  region size 1024K, 43 young (44032K), 3 survivors (3072K)
 Metaspace       used 18418K, committed 18688K, reserved 1064960K
  class space    used 2491K, committed 2624K, reserved 1048576K
}
Event: 1.313 GC heap after
{Heap after GC invocations=2 (full 0):
 garbage-first heap   total 126976K, used 10600K [0x0000000086400000, 0x0000000100000000)
  region size 1024K, 6 young (6144K), 6 survivors (6144K)
 Metaspace       used 18418K, committed 18688K, reserved 1064960K
  class space    used 2491K, committed 2624K, reserved 1048576K
}
Event: 3.612 GC heap before
{Heap before GC invocations=2 (full 0):
 garbage-first heap   total 126976K, used 22888K [0x0000000086400000, 0x0000000100000000)
  region size 1024K, 17 young (17408K), 6 survivors (6144K)
 Metaspace       used 21259K, committed 21504K, reserved 1073152K
  class space    used 2869K, committed 3008K, reserved 1048576K
}
Event: 3.617 GC heap after
{Heap after GC invocations=3 (full 0):
 garbage-first heap   total 126976K, used 14248K [0x0000000086400000, 0x0000000100000000)
  region size 1024K, 5 young (5120K), 5 survivors (5120K)
 Metaspace       used 21259K, committed 21504K, reserved 1073152K
  class space    used 2869K, committed 3008K, reserved 1048576K
}

